<?xml version="1.0" encoding="UTF-8"?>
<testng-results ignored="0" total="1" passed="1" failed="0" skipped="0">
  <reporter-output>
  </reporter-output>
  <suite started-at="2021-11-14T15:51:04 IST" name="Default suite" finished-at="2021-11-14T15:51:07 IST" duration-ms="3166">
    <groups>
    </groups>
    <test started-at="2021-11-14T15:51:04 IST" name="Default test" finished-at="2021-11-14T15:51:07 IST" duration-ms="3166">
      <class name="pojo.Serializetests">
        <test-method signature="test1()[pri:0, instance:pojo.Serializetests@6bedbc4d]" started-at="2021-11-14T15:51:04 IST" name="test1" finished-at="2021-11-14T15:51:07 IST" duration-ms="3112" status="PASS">
          <reporter-output>
          </reporter-output>
        </test-method> <!-- test1 -->
      </class> <!-- pojo.Serializetests -->
    </test> <!-- Default test -->
  </suite> <!-- Default suite -->
</testng-results>
